<?xml version="1.0" encoding="UTF-8"?>
<!-- Generated by org.testng.reporters.JUnitReportReporter -->
<testsuite hostname="DESKTOP-H0PI4DT" failures="0" tests="1" name="locatorExample.HRMLoginLocatorExample" time="0.171" errors="0" timestamp="2023-02-22T10:58:25 IST" skipped="0">
  <testcase classname="locatorExample.HRMLoginLocatorExample" name="verifyLoginFeatureWithValidCredenatils" time="0.171"/>
  <system-out/>
</testsuite> <!-- locatorExample.HRMLoginLocatorExample -->
