<?xml version="1.0" encoding="UTF-8"?>
<!-- Generated by org.testng.reporters.JUnitReportReporter -->
<testsuite hostname="DESKTOP-H0PI4DT" failures="0" tests="1" name="recap.AmazonTest" time="7.187" errors="0" timestamp="2023-02-27T08:58:21 IST" skipped="0">
  <testcase classname="recap.AmazonTest" name="serachItems" time="7.187"/>
  <system-out/>
</testsuite> <!-- recap.AmazonTest -->
