<?xml version="1.0" encoding="UTF-8"?>
<!-- Generated by org.testng.reporters.JUnitReportReporter -->
<testsuite hostname="DESKTOP-H0PI4DT" failures="0" tests="1" name="sync_conditionalExample.HandleAlertExample" time="11.920" errors="0" timestamp="2023-02-27T10:02:39 IST" skipped="0">
  <testcase classname="sync_conditionalExample.HandleAlertExample" name="verifyAlert" time="11.920"/>
  <system-out/>
</testsuite> <!-- sync_conditionalExample.HandleAlertExample -->
