<?xml version="1.0" encoding="UTF-8"?>
<!-- Generated by org.testng.reporters.JUnitReportReporter -->
<testsuite hostname="DESKTOP-H0PI4DT" failures="0" tests="3" name="testNGAnotationExample.NOPComApp_CrossBrowserTest" time="178.325" errors="0" timestamp="2023-02-28T10:56:59 IST" skipped="0">
  <testcase classname="testNGAnotationExample.NOPComApp_CrossBrowserTest" name="login" time="58.170"/>
  <system-out/>
  <testcase classname="testNGAnotationExample.NOPComApp_CrossBrowserTest" name="login" time="60.957"/>
  <system-out/>
  <testcase classname="testNGAnotationExample.NOPComApp_CrossBrowserTest" name="login" time="59.198"/>
  <system-out/>
</testsuite> <!-- testNGAnotationExample.NOPComApp_CrossBrowserTest -->
