<?xml version="1.0" encoding="UTF-8"?>
<!-- Generated by org.testng.reporters.JUnitReportReporter -->
<testsuite hostname="DESKTOP-H0PI4DT" failures="0" tests="1" name="xpathExample.XPATHExample" time="1.260" errors="0" timestamp="2023-03-01T09:35:55 IST" skipped="0">
  <testcase classname="xpathExample.XPATHExample" name="serachItems" time="1.260"/>
  <system-out/>
</testsuite> <!-- xpathExample.XPATHExample -->
