<?xml version="1.0" encoding="UTF-8"?>
<!-- Generated by org.testng.reporters.JUnitReportReporter -->
<testsuite hostname="DESKTOP-H0PI4DT" failures="0" tests="1" name="handleFrame.PayTM_FrameExample" time="1.406" errors="0" timestamp="2023-02-28T10:35:54 IST" skipped="0">
  <testcase classname="handleFrame.PayTM_FrameExample" name="verifyAlert" time="1.406"/>
  <system-out/>
</testsuite> <!-- handleFrame.PayTM_FrameExample -->
