<?xml version="1.0" encoding="UTF-8"?>
<!-- Generated by org.testng.reporters.JUnitReportReporter -->
<testsuite hostname="DESKTOP-H0PI4DT" failures="0" tests="1" name="handleWindow.IRCTCWindowExample" time="23.745" errors="0" timestamp="2023-03-02T10:50:00 IST" skipped="0">
  <testcase classname="handleWindow.IRCTCWindowExample" name="handleWindowsTest" time="23.745"/>
  <system-out/>
</testsuite> <!-- handleWindow.IRCTCWindowExample -->
