<?xml version="1.0" encoding="UTF-8"?>
<!-- Generated by org.testng.reporters.JUnitReportReporter -->
<testsuite hostname="DESKTOP-H0PI4DT" failures="0" tests="4" name="dataDrivenTest.NOPCommLogin" time="55.415" errors="0" timestamp="2023-03-01T10:20:58 IST" skipped="0">
  <testcase classname="dataDrivenTest.NOPCommLogin" name="verifyLoginFeatureWithInValidCred" time="14.024"/>
  <system-out/>
  <testcase classname="dataDrivenTest.NOPCommLogin" name="verifyLoginFeatureWithInValidCred" time="13.841"/>
  <system-out/>
  <testcase classname="dataDrivenTest.NOPCommLogin" name="verifyLoginFeatureWithInValidCred" time="13.804"/>
  <system-out/>
  <testcase classname="dataDrivenTest.NOPCommLogin" name="verifyLoginFeatureWithInValidCred" time="13.746"/>
  <system-out/>
</testsuite> <!-- dataDrivenTest.NOPCommLogin -->
