<?xml version="1.0" encoding="UTF-8"?>
<!-- Generated by org.testng.reporters.JUnitReportReporter -->
<testsuite hostname="DESKTOP-H0PI4DT" failures="0" tests="1" name="recap.ListboxExample" time="6.328" errors="0" timestamp="2023-02-27T09:19:54 IST" skipped="0">
  <testcase classname="recap.ListboxExample" name="listbox" time="6.328"/>
  <system-out/>
</testsuite> <!-- recap.ListboxExample -->
