<?xml version="1.0" encoding="UTF-8"?>
<!-- Generated by org.testng.reporters.JUnitReportReporter -->
<testsuite hostname="DESKTOP-H0PI4DT" failures="0" tests="1" name="xpathExample.AmazonTest" time="6.562" errors="0" timestamp="2023-03-01T09:27:56 IST" skipped="0">
  <testcase classname="xpathExample.AmazonTest" name="serachItems" time="6.562"/>
  <system-out/>
</testsuite> <!-- xpathExample.AmazonTest -->
