<?xml version="1.0" encoding="UTF-8"?>
<!-- Generated by org.testng.reporters.JUnitReportReporter -->
<testsuite hostname="DESKTOP-H0PI4DT" failures="0" tests="2" name="actionExample.RightClickDoubleClick" time="11.830" errors="0" timestamp="2023-03-02T09:58:23 IST" skipped="0">
  <testcase classname="actionExample.RightClickDoubleClick" name="doubleLCickTest" time="9.520"/>
  <system-out/>
  <testcase classname="actionExample.RightClickDoubleClick" name="rightLCickTest" time="2.310"/>
  <system-out/>
</testsuite> <!-- actionExample.RightClickDoubleClick -->
