<?xml version="1.0" encoding="UTF-8"?>
<!-- Generated by org.testng.reporters.JUnitReportReporter -->
<testsuite hostname="DESKTOP-H0PI4DT" failures="0" tests="1" name="logExample.NOPComm_LogExample" time="15.138" errors="0" timestamp="2023-02-27T11:05:07 IST" skipped="0">
  <testcase classname="logExample.NOPComm_LogExample" name="serachItems" time="15.138"/>
  <system-out/>
</testsuite> <!-- logExample.NOPComm_LogExample -->
