<?xml version="1.0" encoding="UTF-8"?>
<!-- Generated by org.testng.reporters.JUnitReportReporter -->
<testsuite hostname="DESKTOP-H0PI4DT" failures="0" tests="1" name="recap.AlertExample" time="2.245" errors="0" timestamp="2023-02-27T09:08:38 IST" skipped="0">
  <testcase classname="recap.AlertExample" name="PromptAlert" time="2.245"/>
  <system-out/>
</testsuite> <!-- recap.AlertExample -->
