<?xml version="1.0" encoding="UTF-8"?>
<!-- Generated by org.testng.reporters.JUnitReportReporter -->
<testsuite hostname="DESKTOP-H0PI4DT" failures="0" tests="4" name="testNGAnotationExample.AmazonExample" time="0.021" errors="0" timestamp="2023-03-01T10:41:09 IST" skipped="0">
  <testcase classname="testNGAnotationExample.AmazonExample" name="login" time="0.013"/>
  <system-out/>
  <testcase classname="testNGAnotationExample.AmazonExample" name="addItems" time="0.003"/>
  <system-out/>
  <testcase classname="testNGAnotationExample.AmazonExample" name="payment" time="0.003"/>
  <system-out/>
  <testcase classname="testNGAnotationExample.AmazonExample" name="logout" time="0.002"/>
  <system-out/>
</testsuite> <!-- testNGAnotationExample.AmazonExample -->
