<?xml version="1.0" encoding="UTF-8"?>
<!-- Generated by org.testng.reporters.JUnitReportReporter -->
<testsuite hostname="DESKTOP-H0PI4DT" failures="0" tests="1" name="actionExample.Amazon_WishList" time="4.482" errors="0" timestamp="2023-03-02T09:27:40 IST" skipped="0">
  <testcase classname="actionExample.Amazon_WishList" name="login" time="4.482"/>
  <system-out/>
</testsuite> <!-- actionExample.Amazon_WishList -->
