<?xml version="1.0" encoding="UTF-8"?>
<!-- Generated by org.testng.reporters.JUnitReportReporter -->
<testsuite hostname="DESKTOP-H0PI4DT" failures="0" tests="1" name="javascriptExecutorExample.HandleModalExample" time="0.421" errors="0" timestamp="2023-02-28T09:05:04 IST" skipped="0">
  <testcase classname="javascriptExecutorExample.HandleModalExample" name="verifyAlert" time="0.421"/>
  <system-out/>
</testsuite> <!-- javascriptExecutorExample.HandleModalExample -->
