<?xml version="1.0" encoding="UTF-8"?>
<!-- Generated by org.testng.reporters.JUnitReportReporter -->
<testsuite hostname="DESKTOP-H0PI4DT" failures="0" tests="2" name="testNGAnotationExample.AnnotationExample" time="0.014" errors="0" timestamp="2023-02-28T10:29:20 IST" skipped="0">
  <testcase classname="testNGAnotationExample.AnnotationExample" name="logout" time="0.003"/>
  <system-out/>
  <testcase classname="testNGAnotationExample.AnnotationExample" name="login" time="0.011"/>
  <system-out/>
</testsuite> <!-- testNGAnotationExample.AnnotationExample -->
