<?xml version="1.0" encoding="UTF-8"?>
<!-- Generated by org.testng.reporters.JUnitReportReporter -->
<testsuite hostname="DESKTOP-H0PI4DT" failures="0" tests="1" name="actionExample.DragDropExample" time="1.412" errors="0" timestamp="2023-03-02T10:31:40 IST" skipped="0">
  <testcase classname="actionExample.DragDropExample" name="dragDropTest" time="1.412"/>
  <system-out/>
</testsuite> <!-- actionExample.DragDropExample -->
