<?xml version="1.0" encoding="UTF-8"?>
<!-- Generated by org.testng.reporters.JUnitReportReporter -->
<testsuite hostname="DESKTOP-H0PI4DT" failures="0" tests="1" name="tests.LoginTest" time="15.049" errors="0" timestamp="2023-03-03T10:57:06 IST" skipped="0">
  <testcase classname="tests.LoginTest" name="verifyLoginLogoutFeature" time="15.049"/>
  <system-out/>
</testsuite> <!-- tests.LoginTest -->
