<?xml version="1.0" encoding="UTF-8"?>
<!-- Generated by org.testng.reporters.JUnitReportReporter -->
<testsuite hostname="DESKTOP-H0PI4DT" failures="0" tests="1" name="locatorExample.HRMLoginTestNG" time="0.012" errors="0" timestamp="2023-02-22T10:38:59 IST" skipped="0">
  <testcase classname="locatorExample.HRMLoginTestNG" name="verifyLoginFeatureWithValidCredenatils" time="0.012"/>
  <system-out/>
</testsuite> <!-- locatorExample.HRMLoginTestNG -->
