<?xml version="1.0" encoding="UTF-8"?>
<!-- Generated by org.testng.reporters.JUnitReportReporter -->
<testsuite hostname="DESKTOP-H0PI4DT" failures="0" tests="1" name="javascriptExecutorExample.MyntraExample" time="0.349" errors="0" timestamp="2023-02-28T09:18:02 IST" skipped="0">
  <testcase classname="javascriptExecutorExample.MyntraExample" name="verifyAlert" time="0.349"/>
  <system-out/>
</testsuite> <!-- javascriptExecutorExample.MyntraExample -->
