<?xml version="1.0" encoding="UTF-8"?>
<!-- Generated by org.testng.reporters.JUnitReportReporter -->
<testsuite hostname="DESKTOP-H0PI4DT" failures="0" tests="4" name="dataDrivenTest.NOPCommLogin" time="52.946" errors="0" timestamp="2023-03-02T10:56:53 IST" skipped="0">
  <testcase classname="dataDrivenTest.NOPCommLogin" name="verifyLoginFeatureWithInValidCred" time="13.059"/>
  <system-out/>
  <testcase classname="dataDrivenTest.NOPCommLogin" name="verifyLoginFeatureWithInValidCred" time="13.687"/>
  <system-out/>
  <testcase classname="dataDrivenTest.NOPCommLogin" name="verifyLoginFeatureWithInValidCred" time="13.142"/>
  <system-out/>
  <testcase classname="dataDrivenTest.NOPCommLogin" name="verifyLoginFeatureWithInValidCred" time="13.058"/>
  <system-out/>
</testsuite> <!-- dataDrivenTest.NOPCommLogin -->
