<?xml version="1.0" encoding="UTF-8"?>
<!-- Generated by org.testng.reporters.JUnitReportReporter -->
<testsuite hostname="DESKTOP-H0PI4DT" failures="0" tests="3" name="testNGAnotationExample.NOPComApp_CrossBrowserTest" time="182.617" errors="0" timestamp="2023-03-01T10:59:49 IST" skipped="0">
  <testcase classname="testNGAnotationExample.NOPComApp_CrossBrowserTest" name="login" time="62.149"/>
  <system-out/>
  <testcase classname="testNGAnotationExample.NOPComApp_CrossBrowserTest" name="login" time="58.409"/>
  <system-out/>
  <testcase classname="testNGAnotationExample.NOPComApp_CrossBrowserTest" name="login" time="62.059"/>
  <system-out/>
</testsuite> <!-- testNGAnotationExample.NOPComApp_CrossBrowserTest -->
